<?xml version="1.0" encoding="UTF-8"?>
<!-- Generated by org.testng.reporters.JUnitXMLReporter -->
<testsuite ignored="2" hostname="HA2153069" failures="1" tests="2" name="testng" time="0.241" errors="0" timestamp="2022-10-30T16:19:14 NZDT">
  <testcase classname="test.BasicValidation" name="loginValidation" time="0.18"/>
  <testcase classname="test.BasicValidation" name="titleValidation" time="0.018">
    <failure type="java.lang.AssertionError" message="Page title validation failed expected [true] but found [false]">
      <![CDATA[java.lang.AssertionError: Page title validation failed expected [true] but found [false]
at test.BasicValidation.titleValidation(BasicValidation.java:18)
at java.base/java.util.ArrayList.forEach(ArrayList.java:1511)
... Removed 30 stack frames]]>
    </failure>
  </testcase> <!-- titleValidation -->
  <testcase classname="test.BaseTest" name="@BeforeSuite beforeSuite" time="0.0">
    <ignored/>
  </testcase> <!-- @BeforeSuite beforeSuite -->
  <testcase classname="test.BaseTest" name="@AfterSuite afterSuite" time="0.0">
    <ignored/>
  </testcase> <!-- @AfterSuite afterSuite -->
</testsuite> <!-- testng -->
